Attempting to improve set, starting from: ['AUD']
Attempting to improve set, starting from: ['AUD', 'USD']
Attempting to improve set, starting from: ['AUD', 'USD', 'EUR']
Attempting to improve set, starting from: ['AUD', 'USD', 'EUR', 'GBP']
Attempting to improve set, starting from: ['AUD', 'USD', 'EUR', 'GBP', 'JPY']
Attempting to improve set, starting from: ['AUD', 'USD', 'EUR', 'GBP', 'JPY', 'CNY']
Best set: ['AUD', 'USD', 'EUR', 'GBP', 'JPY', 'CNY'] (0.010290543996274003)
Attempting to improve set, starting from: ['CAD']
Attempting to improve set, starting from: ['CAD', 'USD']
Attempting to improve set, starting from: ['CAD', 'USD', 'EUR']
Attempting to improve set, starting from: ['CAD', 'USD', 'EUR', 'SEK']
Attempting to improve set, starting from: ['CAD', 'USD', 'EUR', 'SEK', 'JPY']
Best set: ['CAD', 'USD', 'EUR', 'SEK', 'JPY'] (0.010391696436945406)
Attempting to improve set, starting from: ['CHF']
Attempting to improve set, starting from: ['CHF', 'GBP']
Attempting to improve set, starting from: ['CHF', 'GBP', 'USD']
Attempting to improve set, starting from: ['CHF', 'GBP', 'USD', 'NOK']
Attempting to improve set, starting from: ['CHF', 'GBP', 'USD', 'NOK', 'JPY']
Attempting to improve set, starting from: ['CHF', 'GBP', 'USD', 'NOK', 'JPY', 'EUR']
Best set: ['CHF', 'GBP', 'USD', 'NOK', 'JPY', 'EUR'] (0.010314132562582717)
Attempting to improve set, starting from: ['CNY']
Attempting to improve set, starting from: ['CNY', 'GBP']
Attempting to improve set, starting from: ['CNY', 'GBP', 'JPY']
Attempting to improve set, starting from: ['CNY', 'GBP', 'JPY', 'USD']
Attempting to improve set, starting from: ['CNY', 'GBP', 'JPY', 'USD', 'EUR']
Attempting to improve set, starting from: ['CNY', 'GBP', 'JPY', 'USD', 'EUR', 'KRW']
Best set: ['CNY', 'GBP', 'JPY', 'USD', 'EUR', 'KRW'] (0.010242247192449148)
Attempting to improve set, starting from: ['CZK']
Attempting to improve set, starting from: ['CZK', 'USD']
Attempting to improve set, starting from: ['CZK', 'USD', 'SEK']
Attempting to improve set, starting from: ['CZK', 'USD', 'SEK', 'JPY']
Attempting to improve set, starting from: ['CZK', 'USD', 'SEK', 'JPY', 'KRW']
Attempting to improve set, starting from: ['CZK', 'USD', 'SEK', 'JPY', 'KRW', 'EUR']
Best set: ['CZK', 'USD', 'SEK', 'JPY', 'KRW', 'EUR', 'CNY'] (0.010283383079982708)
Attempting to improve set, starting from: ['EUR']
Attempting to improve set, starting from: ['EUR', 'USD']
Attempting to improve set, starting from: ['EUR', 'USD', 'AUD']
Attempting to improve set, starting from: ['EUR', 'USD', 'AUD', 'GBP']
Attempting to improve set, starting from: ['EUR', 'USD', 'AUD', 'GBP', 'JPY']
Attempting to improve set, starting from: ['EUR', 'USD', 'AUD', 'GBP', 'JPY', 'CNY']
Best set: ['EUR', 'USD', 'AUD', 'GBP', 'JPY', 'CNY'] (0.010290543996373814)
Attempting to improve set, starting from: ['GBP']
Attempting to improve set, starting from: ['GBP', 'SGD']
Attempting to improve set, starting from: ['GBP', 'SGD', 'USD']
Attempting to improve set, starting from: ['GBP', 'SGD', 'USD', 'JPY']
Attempting to improve set, starting from: ['GBP', 'SGD', 'USD', 'JPY', 'EUR']
Best set: ['GBP', 'SGD', 'USD', 'JPY', 'EUR'] (0.010294017281374777)
Attempting to improve set, starting from: ['HUF']
Attempting to improve set, starting from: ['HUF', 'CNY']
Attempting to improve set, starting from: ['HUF', 'CNY', 'USD']
Attempting to improve set, starting from: ['HUF', 'CNY', 'USD', 'IDR']
Attempting to improve set, starting from: ['HUF', 'CNY', 'USD', 'IDR', 'CHF']
Best set: ['HUF', 'CNY', 'USD', 'IDR', 'CHF'] (0.01038316367934982)
Attempting to improve set, starting from: ['IDR']
Attempting to improve set, starting from: ['IDR', 'USD']
Attempting to improve set, starting from: ['IDR', 'USD', 'CHF']
Attempting to improve set, starting from: ['IDR', 'USD', 'CHF', 'EUR']
Best set: ['IDR', 'USD', 'CHF', 'EUR'] (0.010397147853406376)
Attempting to improve set, starting from: ['JPY']
Attempting to improve set, starting from: ['JPY', 'USD']
Attempting to improve set, starting from: ['JPY', 'USD', 'EUR']
Attempting to improve set, starting from: ['JPY', 'USD', 'EUR', 'NZD']
Attempting to improve set, starting from: ['JPY', 'USD', 'EUR', 'NZD', 'KRW']
Attempting to improve set, starting from: ['JPY', 'USD', 'EUR', 'NZD', 'KRW', 'CNY']
Best set: ['JPY', 'USD', 'EUR', 'NZD', 'KRW', 'CNY', 'GBP'] (0.010239016950012721)
Attempting to improve set, starting from: ['KRW']
Attempting to improve set, starting from: ['KRW', 'JPY']
Attempting to improve set, starting from: ['KRW', 'JPY', 'USD']
Attempting to improve set, starting from: ['KRW', 'JPY', 'USD', 'EUR']
Attempting to improve set, starting from: ['KRW', 'JPY', 'USD', 'EUR', 'CNY']
Attempting to improve set, starting from: ['KRW', 'JPY', 'USD', 'EUR', 'CNY', 'GBP']
Best set: ['KRW', 'JPY', 'USD', 'EUR', 'CNY', 'GBP'] (0.010242247192442972)
Attempting to improve set, starting from: ['NOK']
Attempting to improve set, starting from: ['NOK', 'USD']
Attempting to improve set, starting from: ['NOK', 'USD', 'CHF']
Attempting to improve set, starting from: ['NOK', 'USD', 'CHF', 'EUR']
Attempting to improve set, starting from: ['NOK', 'USD', 'CHF', 'EUR', 'IDR']
Best set: ['NOK', 'USD', 'CHF', 'EUR', 'IDR'] (0.010378505782768327)
Attempting to improve set, starting from: ['NZD']
Attempting to improve set, starting from: ['NZD', 'USD']
Attempting to improve set, starting from: ['NZD', 'USD', 'EUR']
Attempting to improve set, starting from: ['NZD', 'USD', 'EUR', 'JPY']
Attempting to improve set, starting from: ['NZD', 'USD', 'EUR', 'JPY', 'KRW']
Attempting to improve set, starting from: ['NZD', 'USD', 'EUR', 'JPY', 'KRW', 'CNY']
Best set: ['NZD', 'USD', 'EUR', 'JPY', 'KRW', 'CNY', 'GBP'] (0.010239016950262265)
Attempting to improve set, starting from: ['PLN']
Attempting to improve set, starting from: ['PLN', 'USD']
Attempting to improve set, starting from: ['PLN', 'USD', 'JPY']
Attempting to improve set, starting from: ['PLN', 'USD', 'JPY', 'SEK']
Attempting to improve set, starting from: ['PLN', 'USD', 'JPY', 'SEK', 'EUR']
Attempting to improve set, starting from: ['PLN', 'USD', 'JPY', 'SEK', 'EUR', 'NZD']
Best set: ['PLN', 'USD', 'JPY', 'SEK', 'EUR', 'NZD'] (0.010371612411158216)
Attempting to improve set, starting from: ['SEK']
Attempting to improve set, starting from: ['SEK', 'USD']
Attempting to improve set, starting from: ['SEK', 'USD', 'JPY']
Attempting to improve set, starting from: ['SEK', 'USD', 'JPY', 'EUR']
Attempting to improve set, starting from: ['SEK', 'USD', 'JPY', 'EUR', 'NZD']
Best set: ['SEK', 'USD', 'JPY', 'EUR', 'NZD'] (0.010386379206406166)
Attempting to improve set, starting from: ['SGD']
Attempting to improve set, starting from: ['SGD', 'GBP']
Attempting to improve set, starting from: ['SGD', 'GBP', 'USD']
Attempting to improve set, starting from: ['SGD', 'GBP', 'USD', 'JPY']
Attempting to improve set, starting from: ['SGD', 'GBP', 'USD', 'JPY', 'EUR']
Best set: ['SGD', 'GBP', 'USD', 'JPY', 'EUR'] (0.010294017281374777)
Attempting to improve set, starting from: ['USD']
Attempting to improve set, starting from: ['USD', 'NOK']
Attempting to improve set, starting from: ['USD', 'NOK', 'CHF']
Attempting to improve set, starting from: ['USD', 'NOK', 'CHF', 'EUR']
Attempting to improve set, starting from: ['USD', 'NOK', 'CHF', 'EUR', 'IDR']
Best set: ['USD', 'NOK', 'CHF', 'EUR', 'IDR'] (0.010378505782768327)
